Sat Dec 28 17:24:05 EST 2024 - Submitting job...
Sat Dec 28 17:24:05 EST 2024 - Job 61521987 submitted successfully.
Sat Dec 28 17:24:05 EST 2024 - Monitoring job 61521987...
Sun Dec 29 05:29:46 EST 2024 - Job 61521987 failed with state TIMEOUT.
Sun Dec 29 05:29:47 EST 2024 - Resubmitting job (1/10)...
Sun Dec 29 05:29:47 EST 2024 - Submitting job...
Sun Dec 29 05:29:47 EST 2024 - Job 61553180 submitted successfully.
Sun Dec 29 05:29:47 EST 2024 - Monitoring job 61553180...
Sun Dec 29 17:36:30 EST 2024 - Job 61553180 failed with state TIMEOUT.
Sun Dec 29 17:36:30 EST 2024 - Resubmitting job (2/10)...
Sun Dec 29 17:36:30 EST 2024 - Submitting job...
Sun Dec 29 17:36:31 EST 2024 - Job 61573118 submitted successfully.
Sun Dec 29 17:36:31 EST 2024 - Monitoring job 61573118...
Mon Dec 30 05:42:11 EST 2024 - Job 61573118 failed with state TIMEOUT.
Mon Dec 30 05:42:11 EST 2024 - Resubmitting job (3/10)...
Mon Dec 30 05:42:11 EST 2024 - Submitting job...
Mon Dec 30 05:42:12 EST 2024 - Job 61594675 submitted successfully.
Mon Dec 30 05:42:12 EST 2024 - Monitoring job 61594675...
Mon Dec 30 17:48:54 EST 2024 - Job 61594675 failed with state TIMEOUT.
Mon Dec 30 17:48:54 EST 2024 - Resubmitting job (4/10)...
Mon Dec 30 17:48:54 EST 2024 - Submitting job...
Mon Dec 30 17:48:55 EST 2024 - Job 61609543 submitted successfully.
Mon Dec 30 17:48:55 EST 2024 - Monitoring job 61609543...
Mon Dec 30 23:12:34 EST 2024 - Unknown state: CANCELLED+
Mon Dec 30 23:12:34 EST 2024 - Completion file found. Ending monitoring.
